#
# There is insufficient memory for the Java Runtime Environment to continue.
# Native memory allocation (mmap) failed to map 127926272 bytes for G1 virtual space
# Possible reasons:
#   The system is out of physical RAM or swap space
#   The process is running with CompressedOops enabled, and the Java Heap may be blocking the growth of the native heap
# Possible solutions:
#   Reduce memory load on the system
#   Increase physical memory or swap space
#   Check if swap backing store is full
#   Decrease Java heap size (-Xmx/-Xms)
#   Decrease number of Java threads
#   Decrease Java thread stack sizes (-Xss)
#   Set larger code cache with -XX:ReservedCodeCacheSize=
#   JVM is running with Unscaled Compressed Oops mode in which the Java heap is
#     placed in the first 4GB address space. The Java Heap base address is the
#     maximum limit for the native heap growth. Please use -XX:HeapBaseMinAddress
#     to set the Java Heap base and to place the Java Heap above 4GB virtual address.
# This output file may be truncated or incomplete.
#
#  Out of Memory Error (os_windows.cpp:3760), pid=15060, tid=33372
#
# JRE version:  (17.0.5+1) (build )
# Java VM: OpenJDK 64-Bit Server VM (17.0.5+1-b653.25, mixed mode, sharing, tiered, compressed oops, compressed class ptrs, g1 gc, windows-amd64)
# No core dump will be written. Minidumps are not enabled by default on client versions of Windows
#

---------------  S U M M A R Y ------------

Command Line: git4idea.http.GitAskPassApp Username for 'https://github.com': 

Host: Intel(R) Core(TM) i5-1035G4 CPU @ 1.10GHz, 8 cores, 7G,  Windows 10 , 64 bit Build 18362 (10.0.18362.1500)
Time: Tue Apr 16 10:53:45 2024 Mitteleuropäische Sommerzeit elapsed time: 0.044782 seconds (0d 0h 0m 0s)

---------------  T H R E A D  ---------------

Current thread (0x000001cc1fdd0dc0):  JavaThread "Unknown thread" [_thread_in_vm, id=33372, stack(0x000000c48a600000,0x000000c48a700000)]

Stack: [0x000000c48a600000,0x000000c48a700000]
Native frames: (J=compiled Java code, j=interpreted, Vv=VM code, C=native code)
V  [jvm.dll+0x6830ca]
V  [jvm.dll+0x83f4c4]
V  [jvm.dll+0x840c6e]
V  [jvm.dll+0x8412d3]
V  [jvm.dll+0x2490b5]
V  [jvm.dll+0x67ff99]
V  [jvm.dll+0x6744aa]
V  [jvm.dll+0x308f2b]
V  [jvm.dll+0x3103e6]
V  [jvm.dll+0x36013e]
V  [jvm.dll+0x36036f]
V  [jvm.dll+0x2df018]
V  [jvm.dll+0x2dff84]
V  [jvm.dll+0x810d91]
V  [jvm.dll+0x36df31]
V  [jvm.dll+0x7f028c]
V  [jvm.dll+0x3f0cbf]
V  [jvm.dll+0x3f2801]
C  [jli.dll+0x526b]
C  [ucrtbase.dll+0x210b2]
C  [KERNEL32.DLL+0x17c24]
C  [ntdll.dll+0x6d721]


---------------  P R O C E S S  ---------------

Threads class SMR info:
_java_thread_list=0x00007ff8e63c8f98, length=0, elements={
}

Java Threads: ( => current thread )

Other Threads:
  0x000001cc1fe29420 GCTaskThread "GC Thread#0" [stack: 0x000000c48a700000,0x000000c48a800000] [id=31516]
  0x000001cc1fe395b0 ConcurrentGCThread "G1 Main Marker" [stack: 0x000000c48a800000,0x000000c48a900000] [id=9764]
  0x000001cc1fe3aee0 ConcurrentGCThread "G1 Conc#0" [stack: 0x000000c48a900000,0x000000c48aa00000] [id=15604]

[error occurred during error reporting (printing all threads), id 0xc0000005, EXCEPTION_ACCESS_VIOLATION (0xc0000005) at pc=0x00007ff8e5b7fbd7]

VM state: not at safepoint (not fully initialized)

VM Mutex/Monitor currently owned by a thread:  ([mutex/lock_event])
[0x000001cc1fdca990] Heap_lock - owner thread: 0x000001cc1fdd0dc0

Heap address: 0x0000000086600000, size: 1946 MB, Compressed Oops mode: 32-bit

CDS archive(s) mapped at: [0x0000000000000000-0x0000000000000000-0x0000000000000000), size 0, SharedBaseAddress: 0x0000000800000000, ArchiveRelocationMode: 0.
Narrow klass base: 0x0000000000000000, Narrow klass shift: 0, Narrow klass range: 0x0

GC Precious Log:
<Empty>

Heap:
 garbage-first heap   total 0K, used 0K [0x0000000086600000, 0x0000000100000000)
  region size 1024K, 0 young (0K), 0 survivors (0K)

[error occurred during error reporting (printing heap information), id 0xc0000005, EXCEPTION_ACCESS_VIOLATION (0xc0000005) at pc=0x00007ff8e5f6cd59]

GC Heap History (0 events):
No events

Dll operation events (1 events):
Event: 0.022 Loaded shared library C:\Program Files\JetBrains\PyCharm Community Edition 2022.3.2\jbr\bin\java.dll

Deoptimization events (0 events):
No events

Classes unloaded (0 events):
No events

Classes redefined (0 events):
No events

Internal exceptions (0 events):
No events

VM Operations (0 events):
No events

Events (0 events):
No events


Dynamic libraries:
0x00007ff6b9430000 - 0x00007ff6b943a000 	C:\Program Files\JetBrains\PyCharm Community Edition 2022.3.2\jbr\bin\java.exe
0x00007ff9fe000000 - 0x00007ff9fe1f0000 	C:\windows\SYSTEM32\ntdll.dll
0x00007ff9fcd20000 - 0x00007ff9fcdd2000 	C:\windows\System32\KERNEL32.DLL
0x00007ff9fb010000 - 0x00007ff9fb2b5000 	C:\windows\System32\KERNELBASE.dll
0x00007ff9fbf80000 - 0x00007ff9fc07a000 	C:\windows\System32\ucrtbase.dll
0x00007ff9d27b0000 - 0x00007ff9d27c7000 	C:\Program Files\JetBrains\PyCharm Community Edition 2022.3.2\jbr\bin\jli.dll
0x00007ff9e3dd0000 - 0x00007ff9e3deb000 	C:\Program Files\JetBrains\PyCharm Community Edition 2022.3.2\jbr\bin\VCRUNTIME140.dll
0x00007ff9fd870000 - 0x00007ff9fda04000 	C:\windows\System32\USER32.dll
0x00007ff9fc080000 - 0x00007ff9fc0a1000 	C:\windows\System32\win32u.dll
0x00007ff9fa3a0000 - 0x00007ff9fa624000 	C:\windows\WinSxS\amd64_microsoft.windows.common-controls_6595b64144ccf1df_6.0.18362.1500_none_9e79be6de462295c\COMCTL32.dll
0x00007ff9fd840000 - 0x00007ff9fd866000 	C:\windows\System32\GDI32.dll
0x00007ff9fc7f0000 - 0x00007ff9fc88e000 	C:\windows\System32\msvcrt.dll
0x00007ff9fb660000 - 0x00007ff9fb7f8000 	C:\windows\System32\gdi32full.dll
0x00007ff9faf70000 - 0x00007ff9fb00e000 	C:\windows\System32\msvcp_win.dll
0x00007ff9fc2a0000 - 0x00007ff9fc5d6000 	C:\windows\System32\combase.dll
0x00007ff9fc5e0000 - 0x00007ff9fc6ff000 	C:\windows\System32\RPCRT4.dll
0x00007ff9fb5b0000 - 0x00007ff9fb631000 	C:\windows\System32\bcryptPrimitives.dll
0x00007ff9fc1d0000 - 0x00007ff9fc1fe000 	C:\windows\System32\IMM32.DLL
0x00007ff9f4090000 - 0x00007ff9f409c000 	C:\Program Files\JetBrains\PyCharm Community Edition 2022.3.2\jbr\bin\vcruntime140_1.dll
0x00007ff9c07c0000 - 0x00007ff9c084d000 	C:\Program Files\JetBrains\PyCharm Community Edition 2022.3.2\jbr\bin\msvcp140.dll
0x00007ff8e5890000 - 0x00007ff8e64fb000 	C:\Program Files\JetBrains\PyCharm Community Edition 2022.3.2\jbr\bin\server\jvm.dll
0x00007ff9fc0b0000 - 0x00007ff9fc153000 	C:\windows\System32\ADVAPI32.dll
0x00007ff9fc200000 - 0x00007ff9fc297000 	C:\windows\System32\sechost.dll
0x00007ff9f7550000 - 0x00007ff9f7574000 	C:\windows\SYSTEM32\WINMM.dll
0x00007ff9e2210000 - 0x00007ff9e2219000 	C:\windows\SYSTEM32\WSOCK32.dll
0x00007ff9f8cf0000 - 0x00007ff9f8cfa000 	C:\windows\SYSTEM32\VERSION.dll
0x00007ff9fd620000 - 0x00007ff9fd68f000 	C:\windows\System32\WS2_32.dll
0x00007ff9f7520000 - 0x00007ff9f754d000 	C:\windows\SYSTEM32\WINMMBASE.dll
0x00007ff9fb370000 - 0x00007ff9fb3ba000 	C:\windows\System32\cfgmgr32.dll
0x00007ff9faf30000 - 0x00007ff9faf41000 	C:\windows\System32\kernel.appcore.dll
0x00007ff9e7ec0000 - 0x00007ff9e7eca000 	C:\Program Files\JetBrains\PyCharm Community Edition 2022.3.2\jbr\bin\jimage.dll
0x00007ff9fa980000 - 0x00007ff9fab74000 	C:\windows\SYSTEM32\DBGHELP.DLL
0x00007ff9e0690000 - 0x00007ff9e06ba000 	C:\windows\SYSTEM32\dbgcore.DLL
0x00007ff9d2e00000 - 0x00007ff9d2e25000 	C:\Program Files\JetBrains\PyCharm Community Edition 2022.3.2\jbr\bin\java.dll

dbghelp: loaded successfully - version: 4.0.5 - missing functions: none
symbol engine: initialized successfully - sym options: 0x614 - pdb path: .;C:\Program Files\JetBrains\PyCharm Community Edition 2022.3.2\jbr\bin;C:\windows\SYSTEM32;C:\windows\WinSxS\amd64_microsoft.windows.common-controls_6595b64144ccf1df_6.0.18362.1500_none_9e79be6de462295c;C:\Program Files\JetBrains\PyCharm Community Edition 2022.3.2\jbr\bin\server

VM Arguments:
java_command: git4idea.http.GitAskPassApp Username for 'https://github.com': 
java_class_path (initial): C:/Program Files/JetBrains/PyCharm Community Edition 2022.3.2/plugins/vcs-git/lib/git4idea-rt.jar;C:/Program Files/JetBrains/PyCharm Community Edition 2022.3.2/lib/externalProcess-rt.jar;C:/Program Files/JetBrains/PyCharm Community Edition 2022.3.2/lib/app.jar;C:/Program Files/JetBrains/PyCharm Community Edition 2022.3.2/lib/3rd-party-rt.jar
Launcher Type: SUN_STANDARD

[Global flags]
     intx CICompilerCount                          = 4                                         {product} {ergonomic}
     uint ConcGCThreads                            = 2                                         {product} {ergonomic}
     uint G1ConcRefinementThreads                  = 8                                         {product} {ergonomic}
   size_t G1HeapRegionSize                         = 1048576                                   {product} {ergonomic}
    uintx GCDrainStackTargetSize                   = 64                                        {product} {ergonomic}
   size_t InitialHeapSize                          = 127926272                                 {product} {ergonomic}
   size_t MarkStackSize                            = 4194304                                   {product} {ergonomic}
   size_t MaxHeapSize                              = 2040528896                                {product} {ergonomic}
   size_t MinHeapDeltaBytes                        = 1048576                                   {product} {ergonomic}
   size_t MinHeapSize                              = 8388608                                   {product} {ergonomic}
    uintx NonNMethodCodeHeapSize                   = 5839372                                {pd product} {ergonomic}
    uintx NonProfiledCodeHeapSize                  = 122909434                              {pd product} {ergonomic}
    uintx ProfiledCodeHeapSize                     = 122909434                              {pd product} {ergonomic}
    uintx ReservedCodeCacheSize                    = 251658240                              {pd product} {ergonomic}
     bool SegmentedCodeCache                       = true                                      {product} {ergonomic}
   size_t SoftMaxHeapSize                          = 2040528896                             {manageable} {ergonomic}
     bool UseCompressedClassPointers               = true                           {product lp64_product} {ergonomic}
     bool UseCompressedOops                        = true                           {product lp64_product} {ergonomic}
     bool UseG1GC                                  = true                                      {product} {ergonomic}
     bool UseLargePagesIndividualAllocation        = false                                  {pd product} {ergonomic}

Logging:
Log output configuration:
 #0: stdout all=warning uptime,level,tags
 #1: stderr all=off uptime,level,tags

Environment Variables:
PATH=C:\Program Files\Git\mingw64\libexec\git-core;C:\Program Files\Git\mingw64\libexec\git-core;C:\Program Files\Git\mingw64\bin;C:\Program Files\Git\usr\bin;C:\Users\Linus\bin;C:\gurobi1001\win64\bin;C:\windows\system32;C:\windows;C:\windows\System32\Wbem;C:\windows\System32\WindowsPowerShell\v1.0;C:\windows\System32\OpenSSH;C:\Program Files\Microsoft VS Code\bin;C:\Program Files\Git\cmd;C:\Users\Linus\AppData\Local\Programs\Python\Python39\Scripts;C:\Users\Linus\AppData\Local\Programs\Python\Python39;C:\Users\Linus\AppData\Local\Microsoft\WindowsApps;C:\Users\Linus\anaconda3;C:\Program Files\PostgreSQL\15\bin
USERNAME=Linus
DISPLAY=:0.0
LC_ALL=en_US.UTF-8
TERM=xterm-256color
TMPDIR=C:\Users\Linus\AppData\Local\Temp
OS=Windows_NT
PROCESSOR_IDENTIFIER=Intel64 Family 6 Model 126 Stepping 5, GenuineIntel
TMP=C:\Users\Linus\AppData\Local\Temp
TEMP=C:\Users\Linus\AppData\Local\Temp



---------------  S Y S T E M  ---------------

OS:
 Windows 10 , 64 bit Build 18362 (10.0.18362.1500)
OS uptime: 10 days 23:38 hours

CPU: total 8 (initial active 8) (4 cores per cpu, 2 threads per core) family 6 model 126 stepping 5 microcode 0xa6, cx8, cmov, fxsr, ht, mmx, 3dnowpref, sse, sse2, sse3, ssse3, sse4.1, sse4.2, popcnt, lzcnt, tsc, tscinvbit, avx, avx2, aes, erms, clmul, bmi1, bmi2, adx, avx512f, avx512dq, avx512cd, avx512bw, avx512vl, sha, fma, vzeroupper, avx512_vpopcntdq, avx512_vpclmulqdq, avx512_vaes, avx512_vnni, clflush, clflushopt, avx512_vbmi2, avx512_vbmi

Memory: 4k page, system-wide physical 7778M (331M free)
TotalPageFile size 22881M (AvailPageFile size 81M)
current process WorkingSet (physical memory assigned to process): 10M, peak: 10M
current process commit charge ("private bytes"): 60M, peak: 182M

vm_info: OpenJDK 64-Bit Server VM (17.0.5+1-b653.25) for windows-amd64 JRE (17.0.5+1-b653.25), built on 2023-01-04 by "builduser" with MS VC++ 16.10 / 16.11 (VS2019)

END.
